[2019-08-04 16:17:07] ShadowsocksR started on port 7078
[2019-08-04 16:17:13] [Info] Connect clients1.google.com:443
[2019-08-04 16:17:13] [Info] Connect clients1.google.com:443
[2019-08-04 16:17:13] [Info] Connect clients1.google.com:443
[2019-08-04 16:17:14] [Info] Connect clients1.google.com:443
[2019-08-04 16:17:14] [Info] Disconnect clients1.google.com:443
[2019-08-04 16:17:16] [Info] Connect raw.githubusercontent.com:443
[2019-08-04 16:17:16] [Info] Connect raw.githubusercontent.com:443
[2019-08-04 16:17:16] [Info] Connect raw.githubusercontent.com:443
[2019-08-04 16:17:17] [Info] Connect raw.githubusercontent.com:443
[2019-08-04 16:17:17] [Info] Connect www.google.com:443
[2019-08-04 16:17:17] [Info] Disconnect raw.githubusercontent.com:443
[2019-08-04 16:17:17] [Info] Connect raw.githubusercontent.com:443
[2019-08-04 16:17:17] [Info] Connect www.google.com:443
[2019-08-04 16:17:17] [Info] Connect raw.githubusercontent.com:443
[2019-08-04 16:17:22] [Info] Connect android.clients.google.com:443
[2019-08-04 16:17:23] [Info] Connect www.google.com:443
[2019-08-04 16:17:28] [Info] Connect www.google.com:443
[2019-08-04 16:17:29] [Info] Connect clients1.google.com:443
[2019-08-04 16:17:34] [Info] Connect www.google.com:443
[2019-08-04 16:17:34] [Info] Connect clients1.google.com:443
[2019-08-04 16:17:35] [Info] Connect clients1.google.com:443
[2019-08-04 16:17:37] [Info] Disconnect www.google.com:443
[2019-08-04 16:17:37] [Info] Disconnect raw.githubusercontent.com:443
[2019-08-04 16:17:37] [Info] Connect raw.githubusercontent.com:443
[2019-08-04 16:17:39] [Info] Connect www.google.com:443
[2019-08-04 16:17:39] [Info] Connect clients1.google.com:443
[2019-08-04 16:17:40] [Info] Connect clients1.google.com:443
[2019-08-04 16:17:42] [Info] Connect raw.githubusercontent.com:443
[2019-08-04 16:17:44] [Info] Disconnect www.google.com:443
[2019-08-04 16:17:45] [Info] Connect clients1.google.com:443
[2019-08-04 16:17:46] [Info] Connect clients1.google.com:443
[2019-08-04 16:17:47] [Info] Connect raw.githubusercontent.com:443
[2019-08-04 16:17:50] [Info] Disconnect clients1.google.com:443
[2019-08-04 16:17:51] [Info] Connect clients1.google.com:443
[2019-08-04 16:17:51] [Info] Connect clients1.google.com:443
[2019-08-04 16:17:52] [Info] Disconnect android.clients.google.com:443
[2019-08-04 16:17:53] [Info] Connect raw.githubusercontent.com:443
[2019-08-04 16:17:53] [Info] Connect sb-ssl.google.com:443
[2019-08-04 16:17:56] [Info] Connect clients1.google.com:443
[2019-08-04 16:17:56] [Info] Disconnect clients1.google.com:443
[2019-08-04 16:17:57] [Info] Connect clients1.google.com:443
[2019-08-04 16:17:58] [Info] Disconnect raw.githubusercontent.com:443
[2019-08-04 16:17:58] [Info] Connect raw.githubusercontent.com:443
[2019-08-04 16:17:58] [Info] Connect sb-ssl.google.com:443
[2019-08-04 16:18:01] [Info] Connect clients1.google.com:443
[2019-08-04 16:18:03] [Info] Connect clients1.google.com:443
[2019-08-04 16:18:03] [Info] Connect raw.githubusercontent.com:443
[2019-08-04 16:18:03] [Info] Connect sb-ssl.google.com:443
[2019-08-04 16:18:06] [Info] Connect clients1.google.com:443
[2019-08-04 16:18:08] [Info] Connect clients1.google.com:443
[2019-08-04 16:18:08] [Info] Connect raw.githubusercontent.com:443
[2019-08-04 16:18:08] [Info] Connect sb-ssl.google.com:443
[2019-08-04 16:18:11] [Info] Disconnect clients1.google.com:443
[2019-08-04 16:18:13] [Info] Connect clients1.google.com:443
[2019-08-04 16:18:13] [Info] Connect raw.githubusercontent.com:443
[2019-08-04 16:18:14] [Info] Disconnect sb-ssl.google.com:443
[2019-08-04 16:18:15] [Info] Connect clients1.google.com:443
[2019-08-04 16:18:18] [Info] Disconnect clients1.google.com:443
[2019-08-04 16:18:19] [Info] Disconnect raw.githubusercontent.com:443
[2019-08-04 16:18:19] [Error] connect to update server error
[2019-08-04 16:18:20] [Info] Connect clients1.google.com:443
[2019-08-04 16:18:25] [Info] Connect clients1.google.com:443
[2019-08-04 16:18:26] [Info] Connect clients1.google.com:443
[2019-08-04 16:18:30] [Info] Connect clients1.google.com:443
[2019-08-04 16:18:31] [Info] Connect clients1.google.com:443
[2019-08-04 16:18:36] [Info] Disconnect clients1.google.com:443
[2019-08-04 16:18:36] [Info] Connect clients1.google.com:443
[2019-08-04 16:18:41] [Info] Connect clients1.google.com:443
[2019-08-04 16:18:47] [Info] Disconnect clients1.google.com:443
[2019-08-04 16:19:06] [Info] Connect adservice.google.com:443
[2019-08-04 16:19:06] [Info] Connect adservice.google.com:443
[2019-08-04 16:19:11] [Info] Connect adservice.google.com:443
[2019-08-04 16:19:11] [Info] Connect adservice.google.com:443
[2019-08-04 16:19:16] [Info] Connect adservice.google.com:443
[2019-08-04 16:19:16] [Info] Connect adservice.google.com:443
[2019-08-04 16:19:21] [Info] Connect adservice.google.com:443
[2019-08-04 16:19:22] [Info] Connect adservice.google.com:443
[2019-08-04 16:19:26] [Info] Connect adservice.google.com:443
[2019-08-04 16:19:26] [Info] Disconnect adservice.google.com:443
[2019-08-04 16:19:26] [Info] Connect adservice.google.com:443
[2019-08-04 16:19:26] [Info] Connect adservice.google.com:443
[2019-08-04 16:19:27] [Info] Disconnect adservice.google.com:443
[2019-08-04 16:19:27] [Info] Connect adservice.google.com:443
[2019-08-04 16:19:31] [Info] Connect adservice.google.com:443
[2019-08-04 16:19:32] [Info] Connect adservice.google.com:443
[2019-08-04 16:19:32] [Info] Connect adservice.google.com:443
[2019-08-04 16:19:32] [Info] Connect adservice.google.com:443
[2019-08-04 16:19:36] [Info] Connect adservice.google.com:443
[2019-08-04 16:19:37] [Info] Connect adservice.google.com:443
[2019-08-04 16:19:37] [Info] Connect adservice.google.com:443
[2019-08-04 16:19:37] [Info] Connect adservice.google.com:443
[2019-08-04 16:19:42] [Info] Connect adservice.google.com:443
[2019-08-04 16:19:42] [Info] Connect adservice.google.com:443
[2019-08-04 16:19:42] [Info] Connect adservice.google.com:443
[2019-08-04 16:19:42] [Info] Connect adservice.google.com:443
[2019-08-04 16:19:47] [Info] Disconnect adservice.google.com:443
[2019-08-04 16:19:47] [Info] Disconnect adservice.google.com:443
[2019-08-04 16:19:47] [Info] Disconnect adservice.google.com:443
[2019-08-04 16:19:48] [Info] Disconnect adservice.google.com:443
[2019-08-04 16:19:48] [Info] Connect adservice.google.com:443
[2019-08-04 16:19:53] [Info] Connect adservice.google.com:443
[2019-08-04 16:19:58] [Info] Connect adservice.google.com:443
[2019-08-04 16:20:03] [Info] Connect adservice.google.com:443
[2019-08-04 16:20:08] [Info] Disconnect adservice.google.com:443
[2019-08-04 16:22:16] [Info] Connect raw.githubusercontent.com:443
[2019-08-04 16:23:16] [Info] Connect adservice.google.com:443
[2019-08-04 16:23:20] [Info] Connect p4-ad7jbomnuucmu-r43psylhcycpidnr-if-v6exp3-v4.metric.gstatic.com:443
[2019-08-04 16:23:20] [Info] Connect fcmatch.google.com:443
[2019-08-04 16:23:22] [Info] Connect adservice.google.com:443
[2019-08-04 16:23:22] [Info] Connect fcmatch.google.com:443
[2019-08-04 16:23:25] [Info] Connect p4-ad7jbomnuucmu-r43psylhcycpidnr-if-v6exp3-v4.metric.gstatic.com:443
[2019-08-04 16:23:26] [Info] Connect fcmatch.google.com:443
[2019-08-04 16:23:27] [Info] Connect adservice.google.com:443
[2019-08-04 16:23:27] [Info] Connect fcmatch.google.com:443
[2019-08-04 16:23:30] [Info] Connect p4-ad7jbomnuucmu-r43psylhcycpidnr-if-v6exp3-v4.metric.gstatic.com:443
[2019-08-04 16:23:31] [Info] Connect fcmatch.google.com:443
[2019-08-04 16:23:31] [Info] Connect fcmatch.google.com:443
[2019-08-04 16:23:32] [Info] Connect adservice.google.com:443
[2019-08-04 16:23:32] [Info] Connect fcmatch.google.com:443
[2019-08-04 16:23:36] [Info] Connect p4-ad7jbomnuucmu-r43psylhcycpidnr-if-v6exp3-v4.metric.gstatic.com:443
[2019-08-04 16:23:36] [Info] Connect fcmatch.google.com:443
[2019-08-04 16:23:36] [Info] Connect fcmatch.google.com:443
[2019-08-04 16:23:37] [Info] Connect clients4.google.com:443
[2019-08-04 16:23:37] [Info] Disconnect adservice.google.com:443
[2019-08-04 16:23:37] [Info] Connect adservice.google.com:443
[2019-08-04 16:23:38] [Info] Connect fcmatch.google.com:443
[2019-08-04 16:23:41] [Info] Disconnect p4-ad7jbomnuucmu-r43psylhcycpidnr-if-v6exp3-v4.metric.gstatic.com:443
[2019-08-04 16:23:41] [Info] Connect fcmatch.google.com:443
[2019-08-04 16:23:41] [Info] Disconnect fcmatch.google.com:443
[2019-08-04 16:23:42] [Info] Connect clients4.google.com:443
[2019-08-04 16:23:42] [Info] Connect adservice.google.com:443
[2019-08-04 16:23:43] [Info] Disconnect fcmatch.google.com:443
[2019-08-04 16:23:46] [Info] Connect fcmatch.google.com:443
[2019-08-04 16:23:47] [Info] Connect clients4.google.com:443
[2019-08-04 16:23:48] [Info] Connect adservice.google.com:443
[2019-08-04 16:23:52] [Info] Disconnect fcmatch.google.com:443
[2019-08-04 16:23:52] [Info] Connect clients4.google.com:443
[2019-08-04 16:23:53] [Info] Connect adservice.google.com:443
[2019-08-04 16:23:57] [Info] Disconnect clients4.google.com:443
[2019-08-04 16:23:58] [Info] Disconnect adservice.google.com:443
[2019-08-04 16:27:52] [Info] Connect android.clients.google.com:443
[2019-08-04 16:28:11] [Info] Disconnect android.clients.google.com:443
[2019-08-04 16:33:57] [Info] Connect clients4.google.com:443
[2019-08-04 16:34:17] [Info] Disconnect clients4.google.com:443
[2019-08-04 16:38:11] [Info] Connect android.clients.google.com:443
[2019-08-04 16:38:31] [Info] Disconnect android.clients.google.com:443
[2019-08-04 16:44:17] [Info] Connect clients4.google.com:443
[2019-08-04 16:44:36] [Info] Disconnect clients4.google.com:443
[2019-08-04 16:48:31] [Info] Connect android.clients.google.com:443
[2019-08-04 16:51:38] [Info] Disconnect android.clients.google.com:443
[2019-08-04 16:54:36] [Info] Connect clients4.google.com:443
[2019-08-04 16:57:57] [Info] Disconnect clients4.google.com:443
